<?xml version="1.0" encoding="UTF-8"?>
<!-- Generated by org.testng.reporters.JUnitReportReporter -->
<testsuite hostname="Reef-PC" failures="0" tests="1" name="testcases.TwoSignInBtnTest" time="16.357" errors="0" timestamp="2020-09-19T20:54:04 EDT" skipped="0">
  <testcase classname="testcases.TwoSignInBtnTest" name="validateWalmartLogoDisplayed" time="16.357"/>
  <system-out/>
</testsuite> <!-- testcases.TwoSignInBtnTest -->
