<?xml version="1.0" encoding="UTF-8"?>
<!-- Generated by org.testng.reporters.JUnitReportReporter -->
<testsuite hostname="Reef-PC" failures="0" tests="12" name="testcases.HomePageTest" time="148.354" errors="0" timestamp="2020-09-21T16:10:04 EDT" skipped="0">
  <testcase classname="testcases.HomePageTest" name="validateWalmartTitleAsExpected" time="10.488"/>
  <system-out/>
  <testcase classname="testcases.HomePageTest" name="validateWalmartUrlAsExpected" time="11.879"/>
  <system-out/>
  <testcase classname="testcases.HomePageTest" name="validateWalmartLogoDisplayed" time="11.586"/>
  <system-out/>
  <testcase classname="testcases.HomePageTest" name="validateWalmartLogoLinkToHomePage" time="16.314"/>
  <system-out/>
  <testcase classname="testcases.HomePageTest" name="validateSignInMyAccountTextDisplayed" time="11.711"/>
  <system-out/>
  <testcase classname="testcases.HomePageTest" name="validateWordSignInMyAccountTextAsExpected" time="11.018"/>
  <system-out/>
  <testcase classname="testcases.HomePageTest" name="validateSignInBtnDisplayed" time="12.523"/>
  <system-out/>
  <testcase classname="testcases.HomePageTest" name="validateWordSignInDisplayedOnBtn" time="11.926"/>
  <system-out/>
  <testcase classname="testcases.HomePageTest" name="validateJoinNowBtnDisplayed" time="11.731"/>
  <system-out/>
  <testcase classname="testcases.HomePageTest" name="validateWordJoinNowDisplayedOnBtn" time="11.719"/>
  <system-out/>
  <testcase classname="testcases.HomePageTest" name="validateUserGoesToSignInPageBtn1" time="13.516"/>
  <system-out/>
  <testcase classname="testcases.HomePageTest" name="validateUserGoesToSignInPageBtn2" time="13.943"/>
  <system-out/>
</testsuite> <!-- testcases.HomePageTest -->
